Temp/gradleOut/unityLibrary/build/intermediates/manifest_merge_blame_file/release/manifest-merger-blame-release-report.txt
1<?xml version="1.0" encoding="utf-8"?>
2<!-- GENERATED BY UNITY. REMOVE THIS COMMENT TO PREVENT OVERWRITING WHEN EXPORTING AGAIN -->
3<manifest xmlns:android="http://schemas.android.com/apk/res/android"
4    xmlns:tools="http://schemas.android.com/tools"
5    package="com.unity3d.player"
6    android:installLocation="auto"
7    android:versionCode="1"
8    android:versionName="0.0.8" >
9
10    <uses-sdk
11        android:minSdkVersion="23"
11-->src\main\AndroidManifest.xml
12        android:targetSdkVersion="28" />
12-->src\main\AndroidManifest.xml
13
14    <uses-feature android:glEsVersion="0x00030000" />
14-->src\main\AndroidManifest.xml:22:3-52
14-->src\main\AndroidManifest.xml:22:17-49
15
16    <supports-gl-texture android:name="GL_KHR_texture_compression_astc_ldr" />
16-->src\main\AndroidManifest.xml:23:3-77
16-->src\main\AndroidManifest.xml:23:24-74
17
18    <uses-permission android:name="android.permission.INTERNET" />
18-->src\main\AndroidManifest.xml:24:3-65
18-->src\main\AndroidManifest.xml:24:20-62
19    <uses-permission android:name="android.permission.RECORD_AUDIO" />
19-->src\main\AndroidManifest.xml:25:3-69
19-->src\main\AndroidManifest.xml:25:20-66
20    <uses-permission android:name="android.permission.MODIFY_AUDIO_SETTINGS" />
20-->src\main\AndroidManifest.xml:26:3-78
20-->src\main\AndroidManifest.xml:26:20-75
21    <uses-permission android:name="android.permission.BLUETOOTH" />
21-->src\main\AndroidManifest.xml:27:3-66
21-->src\main\AndroidManifest.xml:27:20-63
22
23    <uses-feature
23-->src\main\AndroidManifest.xml:28:3-87
24        android:name="android.hardware.microphone"
24-->src\main\AndroidManifest.xml:28:17-59
25        android:required="false" />
25-->src\main\AndroidManifest.xml:28:60-84
26    <uses-feature
26-->src\main\AndroidManifest.xml:29:3-88
27        android:name="android.hardware.touchscreen"
27-->src\main\AndroidManifest.xml:29:17-60
28        android:required="false" />
28-->src\main\AndroidManifest.xml:29:61-85
29    <uses-feature
29-->src\main\AndroidManifest.xml:30:3-99
30        android:name="android.hardware.touchscreen.multitouch"
30-->src\main\AndroidManifest.xml:30:17-71
31        android:required="false" />
31-->src\main\AndroidManifest.xml:30:72-96
32    <uses-feature
32-->src\main\AndroidManifest.xml:31:3-108
33        android:name="android.hardware.touchscreen.multitouch.distinct"
33-->src\main\AndroidManifest.xml:31:17-80
34        android:required="false" />
34-->src\main\AndroidManifest.xml:31:81-105
35    <uses-feature
35-->src\main\AndroidManifest.xml:32:3-111
36        android:name="android.hardware.vr.headtracking"
36-->src\main\AndroidManifest.xml:32:17-64
37        android:required="true"
37-->src\main\AndroidManifest.xml:32:65-88
38        android:version="1" />
38-->src\main\AndroidManifest.xml:32:89-108
39
40    <application
40-->src\main\AndroidManifest.xml:4:3-21:17
41        android:allowBackup="false"
41-->src\main\AndroidManifest.xml:4:81-108
42        android:icon="@mipmap/app_icon"
42-->src\main\AndroidManifest.xml:4:49-80
43        android:label="@string/app_name"
43-->src\main\AndroidManifest.xml:4:16-48
44        android:networkSecurityConfig="@xml/network_sec_config" >
44-->src\main\AndroidManifest.xml:4:109-164
45        <activity
45-->src\main\AndroidManifest.xml:5:5-14:16
46            android:name="com.unity3d.player.UnityPlayerActivity"
46-->src\main\AndroidManifest.xml:5:15-68
47            android:configChanges="keyboard|keyboardHidden|navigation|orientation|screenLayout|screenSize|uiMode"
47-->src\main\AndroidManifest.xml:5:204-305
48            android:hardwareAccelerated="false"
48-->src\main\AndroidManifest.xml:5:306-341
49            android:launchMode="singleTask"
49-->src\main\AndroidManifest.xml:5:172-203
50            android:screenOrientation="landscape"
50-->src\main\AndroidManifest.xml:5:134-171
51            android:theme="@android:style/Theme.Black.NoTitleBar.Fullscreen" >
51-->src\main\AndroidManifest.xml:5:69-133
52            <intent-filter>
52-->src\main\AndroidManifest.xml:6:7-10:23
53                <action android:name="android.intent.action.MAIN" />
53-->src\main\AndroidManifest.xml:7:9-61
53-->src\main\AndroidManifest.xml:7:17-58
54
55                <category android:name="com.oculus.intent.category.VR" />
55-->src\main\AndroidManifest.xml:8:9-66
55-->src\main\AndroidManifest.xml:8:19-63
56                <category android:name="android.intent.category.INFO" />
56-->src\main\AndroidManifest.xml:9:9-65
56-->src\main\AndroidManifest.xml:9:19-62
57            </intent-filter>
58
59            <meta-data
59-->src\main\AndroidManifest.xml:11:7-82
60                android:name="unityplayer.UnityActivity"
60-->src\main\AndroidManifest.xml:11:18-58
61                android:value="true" />
61-->src\main\AndroidManifest.xml:11:59-79
62            <meta-data
62-->src\main\AndroidManifest.xml:12:7-78
63                android:name="android.notch_support"
63-->src\main\AndroidManifest.xml:12:18-54
64                android:value="true" />
64-->src\main\AndroidManifest.xml:12:55-75
65            <meta-data
65-->src\main\AndroidManifest.xml:13:7-81
66                android:name="com.oculus.vr.focusaware"
66-->src\main\AndroidManifest.xml:13:18-57
67                android:value="true" />
67-->src\main\AndroidManifest.xml:13:58-78
68        </activity>
69
70        <meta-data
70-->src\main\AndroidManifest.xml:15:5-69
71            android:name="unity.splash-mode"
71-->src\main\AndroidManifest.xml:15:16-48
72            android:value="0" />
72-->src\main\AndroidManifest.xml:15:49-66
73        <meta-data
73-->src\main\AndroidManifest.xml:16:5-74
74            android:name="unity.splash-enable"
74-->src\main\AndroidManifest.xml:16:16-50
75            android:value="True" />
75-->src\main\AndroidManifest.xml:16:51-71
76        <meta-data
76-->src\main\AndroidManifest.xml:17:5-81
77            android:name="notch.config"
77-->src\main\AndroidManifest.xml:17:16-43
78            android:value="portrait|landscape" />
78-->src\main\AndroidManifest.xml:17:44-78
79        <meta-data
79-->src\main\AndroidManifest.xml:18:5-101
80            android:name="unity.build-id"
80-->src\main\AndroidManifest.xml:18:16-45
81            android:value="e412345b-488c-4333-bb02-75142ea38767" />
81-->src\main\AndroidManifest.xml:18:46-98
82        <meta-data
82-->src\main\AndroidManifest.xml:19:5-97
83            android:name="com.samsung.android.vr.application.mode"
83-->src\main\AndroidManifest.xml:19:16-70
84            android:value="vr_only" />
84-->src\main\AndroidManifest.xml:19:71-94
85        <meta-data
85-->src\main\AndroidManifest.xml:20:5-91
86            android:name="com.unity.xr.oculus.LowOverheadMode"
86-->src\main\AndroidManifest.xml:20:16-66
87            android:value="false" />
87-->src\main\AndroidManifest.xml:20:67-88
88    </application>
89
90</manifest>